
> stateless@0.1.0 build
> next build

▲ Next.js 16.1.5 (Turbopack)

  Creating an optimized production build ...
✓ Compiled successfully in 1928.4ms
  Running TypeScript ...
  Collecting page data using 11 workers ...
  Generating static pages using 11 workers (0/14) ...
Fetched courses count: 100
  Generating static pages using 11 workers (3/14) 
  Generating static pages using 11 workers (6/14) 
  Generating static pages using 11 workers (10/14) 
Failed to set Next.js data cache for https://nanoschool.in/wp-json/wp/v2/posts?per_page=50&page=1&_embed, items over 2MB can not be cached (2539583 bytes)
✓ Generating static pages using 11 workers (14/14) in 10.5s
  Finalizing page optimization ...

Route (app)             Revalidate  Expire
┌ ○ /                           1h      1y
├ ○ /_not-found
├ ƒ /[slug]
├ ○ /blogs                      1h      1y
├ ƒ /blogs/[slug]
├ ○ /contact-us
├ ○ /course                     1h      1y
├ ƒ /course/[slug]
├ ○ /privacy-policy
├ ○ /programs                   1h      1y
├ ƒ /programs/[slug]
├ ○ /robots.txt
├ ○ /sitemap.xml
├ ○ /terms-of-service
├ ○ /workshop-calendar          1h      1y
├ ƒ /workshops
└ ƒ /workshops/[slug]


○  (Static)   prerendered as static content
ƒ  (Dynamic)  server-rendered on demand

